# JRE version: OpenJDK Runtime Environment Temurin-21.0.4+7 (21.0.4+7) (build 21.0.4+7-LTS)
# Java VM: OpenJDK 64-Bit Server VM Temurin-21.0.4+7 (21.0.4+7-LTS, mixed mode, sharing, tiered, compressed oops, compressed class ptrs, g1 gc, windows-amd64)
GC Precious Log:
 CardTable entry size: 512
 Card Set container configuration: InlinePtr #cards 5 size 8 Array Of Cards #cards 12 size 40 Howl #buckets 4 coarsen threshold 1843 Howl Bitmap #cards 512 size 80 coarsen threshold 460 Card regions per heap region 1 cards per card region 2048
 CPUs: 2 total, 2 available
 Memory: 3914M
 Large Page Support: Disabled
 NUMA Support: Disabled
 Compressed Oops: Enabled (32-bit)
 Heap Region Size: 1M
 Heap Min Capacity: 8M
 Heap Initial Capacity: 62M
 Heap Max Capacity: 980M
 Pre-touch: Disabled
 Parallel Workers: 2
 Concurrent Workers: 1
 Concurrent Refinement Workers: 2
 Periodic GC: Disabled
Heap:
 garbage-first heap   total 312320K, used 191786K [0x00000000c2c00000, 0x0000000100000000)
  region size 1024K, 129 young (132096K), 10 survivors (10240K)
 Metaspace       used 55981K, committed 56512K, reserved 1114112K
  class space    used 7627K, committed 7872K, reserved 1048576K
GC Heap History (20 events):
Event: 21.382 GC heap before
{Heap before GC invocations=51 (full 0):
 garbage-first heap   total 312320K, used 109106K [0x00000000c2c00000, 0x0000000100000000)
  region size 1024K, 29 young (29696K), 1 survivors (1024K)
 Metaspace       used 50932K, committed 51392K, reserved 1114112K
  class space    used 7259K, committed 7488K, reserved 1048576K
}
Event: 21.388 GC heap after
{Heap after GC invocations=52 (full 0):
 garbage-first heap   total 312320K, used 49643K [0x00000000c2c00000, 0x0000000100000000)
  region size 1024K, 1 young (1024K), 1 survivors (1024K)
 Metaspace       used 50932K, committed 51392K, reserved 1114112K
  class space    used 7259K, committed 7488K, reserved 1048576K
}
Event: 21.774 GC heap before
{Heap before GC invocations=52 (full 0):
 garbage-first heap   total 312320K, used 147947K [0x00000000c2c00000, 0x0000000100000000)
  region size 1024K, 67 young (68608K), 1 survivors (1024K)
 Metaspace       used 51058K, committed 51520K, reserved 1114112K
  class space    used 7281K, committed 7488K, reserved 1048576K
}
Event: 21.779 GC heap after
{Heap after GC invocations=53 (full 0):
 garbage-first heap   total 312320K, used 49725K [0x00000000c2c00000, 0x0000000100000000)
  region size 1024K, 1 young (1024K), 1 survivors (1024K)
 Metaspace       used 51058K, committed 51520K, reserved 1114112K
  class space    used 7281K, committed 7488K, reserved 1048576K
}
Event: 22.021 GC heap before
{Heap before GC invocations=53 (full 0):
 garbage-first heap   total 312320K, used 123453K [0x00000000c2c00000, 0x0000000100000000)
  region size 1024K, 41 young (41984K), 1 survivors (1024K)
 Metaspace       used 51118K, committed 51584K, reserved 1114112K
  class space    used 7296K, committed 7488K, reserved 1048576K
}
Event: 22.024 GC heap after
{Heap after GC invocations=54 (full 0):
 garbage-first heap   total 312320K, used 49805K [0x00000000c2c00000, 0x0000000100000000)
  region size 1024K, 1 young (1024K), 1 survivors (1024K)
 Metaspace       used 51118K, committed 51584K, reserved 1114112K
  class space    used 7296K, committed 7488K, reserved 1048576K
}
Event: 22.289 GC heap before
{Heap before GC invocations=54 (full 0):
 garbage-first heap   total 312320K, used 115341K [0x00000000c2c00000, 0x0000000100000000)
  region size 1024K, 32 young (32768K), 1 survivors (1024K)
 Metaspace       used 51226K, committed 51712K, reserved 1114112K
  class space    used 7311K, committed 7552K, reserved 1048576K
}
Event: 22.292 GC heap after
{Heap after GC invocations=55 (full 0):
 garbage-first heap   total 312320K, used 49864K [0x00000000c2c00000, 0x0000000100000000)
  region size 1024K, 1 young (1024K), 1 survivors (1024K)
 Metaspace       used 51226K, committed 51712K, reserved 1114112K
  class space    used 7311K, committed 7552K, reserved 1048576K
}
Event: 22.451 GC heap before
{Heap before GC invocations=55 (full 0):
 garbage-first heap   total 312320K, used 97992K [0x00000000c2c00000, 0x0000000100000000)
  region size 1024K, 14 young (14336K), 1 survivors (1024K)
 Metaspace       used 51240K, committed 51712K, reserved 1114112K
  class space    used 7316K, committed 7552K, reserved 1048576K
}
Event: 22.454 GC heap after
{Heap after GC invocations=56 (full 0):
 garbage-first heap   total 312320K, used 49905K [0x00000000c2c00000, 0x0000000100000000)
  region size 1024K, 1 young (1024K), 1 survivors (1024K)
 Metaspace       used 51240K, committed 51712K, reserved 1114112K
  class space    used 7316K, committed 7552K, reserved 1048576K
}
Event: 22.620 GC heap before
{Heap before GC invocations=56 (full 0):
 garbage-first heap   total 312320K, used 94961K [0x00000000c2c00000, 0x0000000100000000)
  region size 1024K, 13 young (13312K), 1 survivors (1024K)
 Metaspace       used 51253K, committed 51776K, reserved 1114112K
  class space    used 7319K, committed 7552K, reserved 1048576K
}
Event: 22.622 GC heap after
{Heap after GC invocations=57 (full 0):
 garbage-first heap   total 312320K, used 49870K [0x00000000c2c00000, 0x0000000100000000)
  region size 1024K, 1 young (1024K), 1 survivors (1024K)
 Metaspace       used 51253K, committed 51776K, reserved 1114112K
  class space    used 7319K, committed 7552K, reserved 1048576K
}
Event: 1092.343 GC heap before
{Heap before GC invocations=57 (full 0):
 garbage-first heap   total 312320K, used 263886K [0x00000000c2c00000, 0x0000000100000000)
  region size 1024K, 183 young (187392K), 1 survivors (1024K)
 Metaspace       used 53951K, committed 54464K, reserved 1114112K
  class space    used 7556K, committed 7808K, reserved 1048576K
}
Event: 1092.375 GC heap after
{Heap after GC invocations=58 (full 0):
 garbage-first heap   total 312320K, used 58362K [0x00000000c2c00000, 0x0000000100000000)
  region size 1024K, 9 young (9216K), 9 survivors (9216K)
 Metaspace       used 53951K, committed 54464K, reserved 1114112K
  class space    used 7556K, committed 7808K, reserved 1048576K
}
Event: 1126.856 GC heap before
{Heap before GC invocations=58 (full 0):
 garbage-first heap   total 312320K, used 242682K [0x00000000c2c00000, 0x0000000100000000)
  region size 1024K, 183 young (187392K), 9 survivors (9216K)
 Metaspace       used 54812K, committed 55424K, reserved 1114112K
  class space    used 7574K, committed 7872K, reserved 1048576K
}
Event: 1126.892 GC heap after
{Heap after GC invocations=59 (full 0):
 garbage-first heap   total 312320K, used 66235K [0x00000000c2c00000, 0x0000000100000000)
  region size 1024K, 15 young (15360K), 15 survivors (15360K)
 Metaspace       used 54812K, committed 55424K, reserved 1114112K
  class space    used 7574K, committed 7872K, reserved 1048576K
}
Event: 1201.914 GC heap before
{Heap before GC invocations=59 (full 0):
 garbage-first heap   total 312320K, used 237243K [0x00000000c2c00000, 0x0000000100000000)
  region size 1024K, 183 young (187392K), 15 survivors (15360K)
 Metaspace       used 55146K, committed 55744K, reserved 1114112K
  class space    used 7595K, committed 7872K, reserved 1048576K
}
Event: 1201.965 GC heap after
{Heap after GC invocations=60 (full 0):
 garbage-first heap   total 312320K, used 67419K [0x00000000c2c00000, 0x0000000100000000)
  region size 1024K, 13 young (13312K), 13 survivors (13312K)
 Metaspace       used 55146K, committed 55744K, reserved 1114112K
  class space    used 7595K, committed 7872K, reserved 1048576K
}
Event: 1211.747 GC heap before
{Heap before GC invocations=60 (full 0):
 garbage-first heap   total 312320K, used 240475K [0x00000000c2c00000, 0x0000000100000000)
  region size 1024K, 183 young (187392K), 13 survivors (13312K)
 Metaspace       used 55763K, committed 56320K, reserved 1114112K
  class space    used 7627K, committed 7872K, reserved 1048576K
}
Event: 1211.779 GC heap after
{Heap after GC invocations=61 (full 0):
 garbage-first heap   total 312320K, used 71978K [0x00000000c2c00000, 0x0000000100000000)
  region size 1024K, 10 young (10240K), 10 survivors (10240K)
 Metaspace       used 55763K, committed 56320K, reserved 1114112K
  class space    used 7627K, committed 7872K, reserved 1048576K
}

